This file contains any messages produced by compilers while
running configure, to aid debugging if configure makes a mistake.

It was created by fgwas configure 0.03, which was
generated by GNU Autoconf 2.69.  Invocation command line was

  $ ./configure LDFLAGS=-L/nethome/jkpickrell/lib/ CPPFLAGS=-I/nethome/jkpickrell/include --no-create --no-recursion

## --------- ##
## Platform. ##
## --------- ##

hostname = pnode007.nygenome.org
uname -m = x86_64
uname -r = 2.6.32-431.el6.x86_64
uname -s = Linux
uname -v = #1 SMP Fri Nov 22 03:15:09 UTC 2013

/usr/bin/uname -p = unknown
/bin/uname -X     = unknown

/bin/arch              = x86_64
/usr/bin/arch -k       = unknown
/usr/convex/getsysinfo = unknown
/usr/bin/hostinfo      = unknown
/bin/machine           = unknown
/usr/bin/oslevel       = unknown
/bin/universe          = unknown

PATH: /opt/sge/bin
PATH: /opt/sge/bin/lx-amd64
PATH: /usr/lib64/qt-3.3/bin
PATH: /bin
PATH: /usr/bin
PATH: /usr/local/sbin
PATH: /usr/sbin
PATH: /sbin
PATH: /nethome/jkpickrell/bin/


## ----------- ##
## Core tests. ##
## ----------- ##

configure:1957: checking for g++
configure:1973: found /usr/bin/g++
configure:1984: result: g++
configure:2011: checking for C++ compiler version
configure:2020: g++ --version >&5
g++ (GCC) 4.4.7 20120313 (Red Hat 4.4.7-4)
Copyright (C) 2010 Free Software Foundation, Inc.
This is free software; see the source for copying conditions.  There is NO
warranty; not even for MERCHANTABILITY or FITNESS FOR A PARTICULAR PURPOSE.

configure:2031: $? = 0
configure:2020: g++ -v >&5
Using built-in specs.
Target: x86_64-redhat-linux
Configured with: ../configure --prefix=/usr --mandir=/usr/share/man --infodir=/usr/share/info --with-bugurl=http://bugzilla.redhat.com/bugzilla --enable-bootstrap --enable-shared --enable-threads=posix --enable-checking=release --with-system-zlib --enable-__cxa_atexit --disable-libunwind-exceptions --enable-gnu-unique-object --enable-languages=c,c++,objc,obj-c++,java,fortran,ada --enable-java-awt=gtk --disable-dssi --with-java-home=/usr/lib/jvm/java-1.5.0-gcj-1.5.0.0/jre --enable-libgcj-multifile --enable-java-maintainer-mode --with-ecj-jar=/usr/share/java/eclipse-ecj.jar --disable-libjava-multilib --with-ppl --with-cloog --with-tune=generic --with-arch_32=i686 --build=x86_64-redhat-linux
Thread model: posix
gcc version 4.4.7 20120313 (Red Hat 4.4.7-4) (GCC) 
configure:2031: $? = 0
configure:2020: g++ -V >&5
g++: '-V' option must have argument
configure:2031: $? = 1
configure:2020: g++ -qversion >&5
g++: unrecognized option '-qversion'
g++: no input files
configure:2031: $? = 1
configure:2051: checking whether the C++ compiler works
configure:2073: g++  -I/nethome/jkpickrell/include -L/nethome/jkpickrell/lib/ conftest.cpp  >&5
configure:2077: $? = 0
configure:2125: result: yes
configure:2128: checking for C++ compiler default output file name
configure:2130: result: a.out
configure:2136: checking for suffix of executables
configure:2143: g++ -o conftest  -I/nethome/jkpickrell/include -L/nethome/jkpickrell/lib/ conftest.cpp  >&5
configure:2147: $? = 0
configure:2169: result: 
configure:2191: checking whether we are cross compiling
configure:2199: g++ -o conftest  -I/nethome/jkpickrell/include -L/nethome/jkpickrell/lib/ conftest.cpp  >&5
configure:2203: $? = 0
configure:2210: ./conftest
configure:2214: $? = 0
configure:2229: result: no
configure:2234: checking for suffix of object files
configure:2256: g++ -c  -I/nethome/jkpickrell/include conftest.cpp >&5
configure:2260: $? = 0
configure:2281: result: o
configure:2285: checking whether we are using the GNU C++ compiler
configure:2304: g++ -c  -I/nethome/jkpickrell/include conftest.cpp >&5
configure:2304: $? = 0
configure:2313: result: yes
configure:2322: checking whether g++ accepts -g
configure:2342: g++ -c -g -I/nethome/jkpickrell/include conftest.cpp >&5
configure:2342: $? = 0
configure:2383: result: yes
configure:2451: checking for a BSD-compatible install
configure:2519: result: /usr/bin/install -c
configure:2530: checking whether build environment is sane
configure:2585: result: yes
configure:2736: checking for a thread-safe mkdir -p
configure:2775: result: /bin/mkdir -p
configure:2782: checking for gawk
configure:2798: found /bin/gawk
configure:2809: result: gawk
configure:2820: checking whether make sets $(MAKE)
configure:2842: result: yes
configure:2872: checking for style of include used by make
configure:2900: result: GNU
configure:2934: checking whether make supports nested variables
configure:2951: result: yes
configure:3030: checking how to create a pax tar archive
configure:3041: tar --version
tar (GNU tar) 1.23
Copyright (C) 2010 Free Software Foundation, Inc.
License GPLv3+: GNU GPL version 3 or later <http://gnu.org/licenses/gpl.html>.
This is free software: you are free to change and redistribute it.
There is NO WARRANTY, to the extent permitted by law.

Written by John Gilmore and Jay Fenlason.
configure:3044: $? = 0
configure:3084: tardir=conftest.dir && eval tar --format=posix -chf - "$tardir" >conftest.tar
configure:3087: $? = 0
configure:3091: tar -xf - <conftest.tar
configure:3094: $? = 0
configure:3096: cat conftest.dir/file
GrepMe
configure:3099: $? = 0
configure:3112: result: gnutar
configure:3121: checking dependency style of g++
configure:3232: result: gcc3
configure:3339: checking for gcc
configure:3355: found /usr/bin/gcc
configure:3366: result: gcc
configure:3595: checking for C compiler version
configure:3604: gcc --version >&5
gcc (GCC) 4.4.7 20120313 (Red Hat 4.4.7-4)
Copyright (C) 2010 Free Software Foundation, Inc.
This is free software; see the source for copying conditions.  There is NO
warranty; not even for MERCHANTABILITY or FITNESS FOR A PARTICULAR PURPOSE.

configure:3615: $? = 0
configure:3604: gcc -v >&5
Using built-in specs.
Target: x86_64-redhat-linux
Configured with: ../configure --prefix=/usr --mandir=/usr/share/man --infodir=/usr/share/info --with-bugurl=http://bugzilla.redhat.com/bugzilla --enable-bootstrap --enable-shared --enable-threads=posix --enable-checking=release --with-system-zlib --enable-__cxa_atexit --disable-libunwind-exceptions --enable-gnu-unique-object --enable-languages=c,c++,objc,obj-c++,java,fortran,ada --enable-java-awt=gtk --disable-dssi --with-java-home=/usr/lib/jvm/java-1.5.0-gcj-1.5.0.0/jre --enable-libgcj-multifile --enable-java-maintainer-mode --with-ecj-jar=/usr/share/java/eclipse-ecj.jar --disable-libjava-multilib --with-ppl --with-cloog --with-tune=generic --with-arch_32=i686 --build=x86_64-redhat-linux
Thread model: posix
gcc version 4.4.7 20120313 (Red Hat 4.4.7-4) (GCC) 
configure:3615: $? = 0
configure:3604: gcc -V >&5
gcc: '-V' option must have argument
configure:3615: $? = 1
configure:3604: gcc -qversion >&5
gcc: unrecognized option '-qversion'
gcc: no input files
configure:3615: $? = 1
configure:3619: checking whether we are using the GNU C compiler
configure:3638: gcc -c  -I/nethome/jkpickrell/include conftest.c >&5
configure:3638: $? = 0
configure:3647: result: yes
configure:3656: checking whether gcc accepts -g
configure:3676: gcc -c -g -I/nethome/jkpickrell/include conftest.c >&5
configure:3676: $? = 0
configure:3717: result: yes
configure:3734: checking for gcc option to accept ISO C89
configure:3797: gcc  -c -g -O2 -I/nethome/jkpickrell/include conftest.c >&5
configure:3797: $? = 0
configure:3810: result: none needed
configure:3835: checking whether gcc understands -c and -o together
configure:3857: gcc -c conftest.c -o conftest2.o
configure:3860: $? = 0
configure:3857: gcc -c conftest.c -o conftest2.o
configure:3860: $? = 0
configure:3872: result: yes
configure:3891: checking dependency style of gcc
configure:4002: result: gcc3
configure:4018: checking for gzopen in -lz
configure:4043: gcc -o conftest -g -O2 -I/nethome/jkpickrell/include -L/nethome/jkpickrell/lib/ conftest.c -lz   >&5
configure:4043: $? = 0
configure:4052: result: yes
configure:4065: checking for cos in -lm
configure:4090: gcc -o conftest -g -O2 -I/nethome/jkpickrell/include -L/nethome/jkpickrell/lib/ conftest.c -lm  -lz  >&5
conftest.c:19: warning: conflicting types for built-in function 'cos'
configure:4090: $? = 0
configure:4099: result: yes
configure:4110: checking for cblas_dgemm in -lgslcblas
configure:4135: gcc -o conftest -g -O2 -I/nethome/jkpickrell/include -L/nethome/jkpickrell/lib/ conftest.c -lgslcblas  -lm -lz  >&5
configure:4135: $? = 0
configure:4144: result: yes
configure:4157: checking for gsl_blas_dgemm in -lgsl
configure:4182: gcc -o conftest -g -O2 -I/nethome/jkpickrell/include -L/nethome/jkpickrell/lib/ conftest.c -lgsl  -lgslcblas -lm -lz  >&5
configure:4182: $? = 0
configure:4191: result: yes
configure:4292: checking for boostlib >= 1.42
configure:4361: g++ -c -g -O2 -I/nethome/jkpickrell/include -I/usr/include conftest.cpp >&5
configure:4361: $? = 0
configure:4363: result: yes
configure:4621: checking that generated files are newer than configure
configure:4627: result: done
configure:4654: creating ./config.status

## ---------------- ##
## Cache variables. ##
## ---------------- ##

ac_cv_c_compiler_gnu=yes
ac_cv_cxx_compiler_gnu=yes
ac_cv_env_CCC_set=
ac_cv_env_CCC_value=
ac_cv_env_CC_set=
ac_cv_env_CC_value=
ac_cv_env_CFLAGS_set=
ac_cv_env_CFLAGS_value=
ac_cv_env_CPPFLAGS_set=set
ac_cv_env_CPPFLAGS_value=-I/nethome/jkpickrell/include
ac_cv_env_CXXFLAGS_set=
ac_cv_env_CXXFLAGS_value=
ac_cv_env_CXX_set=
ac_cv_env_CXX_value=
ac_cv_env_LDFLAGS_set=set
ac_cv_env_LDFLAGS_value=-L/nethome/jkpickrell/lib/
ac_cv_env_LIBS_set=
ac_cv_env_LIBS_value=
ac_cv_env_build_alias_set=
ac_cv_env_build_alias_value=
ac_cv_env_host_alias_set=
ac_cv_env_host_alias_value=
ac_cv_env_target_alias_set=
ac_cv_env_target_alias_value=
ac_cv_lib_gsl_gsl_blas_dgemm=yes
ac_cv_lib_gslcblas_cblas_dgemm=yes
ac_cv_lib_m_cos=yes
ac_cv_lib_z_gzopen=yes
ac_cv_objext=o
ac_cv_path_install='/usr/bin/install -c'
ac_cv_path_mkdir=/bin/mkdir
ac_cv_prog_AWK=gawk
ac_cv_prog_ac_ct_CC=gcc
ac_cv_prog_ac_ct_CXX=g++
ac_cv_prog_cc_c89=
ac_cv_prog_cc_g=yes
ac_cv_prog_cxx_g=yes
ac_cv_prog_make_make_set=yes
am_cv_CC_dependencies_compiler_type=gcc3
am_cv_CXX_dependencies_compiler_type=gcc3
am_cv_make_support_nested_variables=yes
am_cv_prog_cc_c_o=yes
am_cv_prog_tar_pax=gnutar

## ----------------- ##
## Output variables. ##
## ----------------- ##

ACLOCAL='${SHELL} /nethome/jkpickrell/Downloads/gwas-pw/missing aclocal-1.14'
AMDEPBACKSLASH='\'
AMDEP_FALSE='#'
AMDEP_TRUE=''
AMTAR='$${TAR-tar}'
AM_BACKSLASH='\'
AM_DEFAULT_V='$(AM_DEFAULT_VERBOSITY)'
AM_DEFAULT_VERBOSITY='1'
AM_V='$(V)'
AUTOCONF='${SHELL} /nethome/jkpickrell/Downloads/gwas-pw/missing autoconf'
AUTOHEADER='${SHELL} /nethome/jkpickrell/Downloads/gwas-pw/missing autoheader'
AUTOMAKE='${SHELL} /nethome/jkpickrell/Downloads/gwas-pw/missing automake-1.14'
AWK='gawk'
BOOST_CPPFLAGS='-I/usr/include'
BOOST_LDFLAGS='-L/usr/lib64'
CC='gcc'
CCDEPMODE='depmode=gcc3'
CFLAGS='-g -O2'
CPPFLAGS='-I/nethome/jkpickrell/include -I/usr/include'
CXX='g++'
CXXDEPMODE='depmode=gcc3'
CXXFLAGS='-g -O2'
CYGPATH_W='echo'
DEFS='-DHAVE_CONFIG_H'
DEPDIR='.deps'
ECHO_C=''
ECHO_N='-n'
ECHO_T=''
EXEEXT=''
INSTALL_DATA='${INSTALL} -m 644'
INSTALL_PROGRAM='${INSTALL}'
INSTALL_SCRIPT='${INSTALL}'
INSTALL_STRIP_PROGRAM='$(install_sh) -c -s'
LDFLAGS='-L/nethome/jkpickrell/lib/'
LIBOBJS=''
LIBS='-lgsl -lgslcblas -lm -lz '
LTLIBOBJS=''
MAKEINFO='${SHELL} /nethome/jkpickrell/Downloads/gwas-pw/missing makeinfo'
MKDIR_P='/bin/mkdir -p'
OBJEXT='o'
PACKAGE='fgwas'
PACKAGE_BUGREPORT='joepickrell@gmail.com'
PACKAGE_NAME='fgwas'
PACKAGE_STRING='fgwas 0.03'
PACKAGE_TARNAME='fgwas'
PACKAGE_URL='http://gwas.googlecode.com/'
PACKAGE_VERSION='0.03'
PATH_SEPARATOR=':'
SET_MAKE=''
SHELL='/bin/sh'
STRIP=''
VERSION='0.03'
ac_ct_CC='gcc'
ac_ct_CXX='g++'
am__EXEEXT_FALSE=''
am__EXEEXT_TRUE='#'
am__fastdepCC_FALSE='#'
am__fastdepCC_TRUE=''
am__fastdepCXX_FALSE='#'
am__fastdepCXX_TRUE=''
am__include='include'
am__isrc=''
am__leading_dot='.'
am__nodep='_no'
am__quote=''
am__tar='tar --format=posix -chf - "$$tardir"'
am__untar='tar -xf -'
bindir='${exec_prefix}/bin'
build_alias=''
datadir='${datarootdir}'
datarootdir='${prefix}/share'
docdir='${datarootdir}/doc/${PACKAGE_TARNAME}'
dvidir='${docdir}'
exec_prefix='${prefix}'
host_alias=''
htmldir='${docdir}'
includedir='${prefix}/include'
infodir='${datarootdir}/info'
install_sh='${SHELL} /nethome/jkpickrell/Downloads/gwas-pw/install-sh'
libdir='${exec_prefix}/lib'
libexecdir='${exec_prefix}/libexec'
localedir='${datarootdir}/locale'
localstatedir='${prefix}/var'
mandir='${datarootdir}/man'
mkdir_p='$(MKDIR_P)'
oldincludedir='/usr/include'
pdfdir='${docdir}'
prefix='/usr/local'
program_transform_name='s,x,x,'
psdir='${docdir}'
sbindir='${exec_prefix}/sbin'
sharedstatedir='${prefix}/com'
sysconfdir='${prefix}/etc'
target_alias=''

## ----------- ##
## confdefs.h. ##
## ----------- ##

/* confdefs.h */
#define PACKAGE_NAME "fgwas"
#define PACKAGE_TARNAME "fgwas"
#define PACKAGE_VERSION "0.03"
#define PACKAGE_STRING "fgwas 0.03"
#define PACKAGE_BUGREPORT "joepickrell@gmail.com"
#define PACKAGE_URL "http://gwas.googlecode.com/"
#define PACKAGE "fgwas"
#define VERSION "0.03"
#define HAVE_LIBZ 1
#define HAVE_LIBM 1
#define HAVE_LIBGSLCBLAS 1
#define HAVE_LIBGSL 1
#define HAVE_BOOST /**/

configure: exit 0

## ---------------------- ##
## Running config.status. ##
## ---------------------- ##

This file was extended by fgwas config.status 0.03, which was
generated by GNU Autoconf 2.69.  Invocation command line was

  CONFIG_FILES    = 
  CONFIG_HEADERS  = 
  CONFIG_LINKS    = 
  CONFIG_COMMANDS = 
  $ ./config.status 

on pnode007.nygenome.org

config.status:854: creating Makefile
config.status:854: creating src/Makefile
config.status:854: creating config.h
config.status:1035: config.h is unchanged
config.status:1083: executing depfiles commands

## ---------------------- ##
## Running config.status. ##
## ---------------------- ##

This file was extended by fgwas config.status 0.03, which was
generated by GNU Autoconf 2.69.  Invocation command line was

  CONFIG_FILES    = 
  CONFIG_HEADERS  = 
  CONFIG_LINKS    = 
  CONFIG_COMMANDS = 
  $ ./config.status config.h

on pnode007.nygenome.org

config.status:854: creating config.h
config.status:1035: config.h is unchanged
